This file contains any messages produced by compilers while
running configure, to aid debugging if configure makes a mistake.

It was created by configure, which was
generated by GNU Autoconf 2.63.  Invocation command line was

  $ /home/george/Projects/gfax-0.7.7/./configure --build=i486-linux-gnu --prefix=/usr --includedir=${prefix}/include --mandir=${prefix}/share/man --infodir=${prefix}/share/info --sysconfdir=/etc --localstatedir=/var --libexecdir=${prefix}/lib/gfax --disable-maintainer-mode --disable-dependency-tracking --srcdir=.

## --------- ##
## Platform. ##
## --------- ##

hostname = falcon
uname -m = i686
uname -r = 2.6.28-15-generic
uname -s = Linux
uname -v = #49-Ubuntu SMP Tue Aug 18 18:40:08 UTC 2009

/usr/bin/uname -p = unknown
/bin/uname -X     = unknown

/bin/arch              = unknown
/usr/bin/arch -k       = unknown
/usr/convex/getsysinfo = unknown
/usr/bin/hostinfo      = unknown
/bin/machine           = unknown
/usr/bin/oslevel       = unknown
/bin/universe          = unknown

PATH: /usr/local/sbin
PATH: /usr/local/bin
PATH: /usr/sbin
PATH: /usr/bin
PATH: /sbin
PATH: /bin
PATH: /usr/X11R6/bin


## ----------- ##
## Core tests. ##
## ----------- ##

configure:2154: checking for a BSD-compatible install
configure:2222: result: /usr/bin/install -c
configure:2233: checking whether build environment is sane
configure:2276: result: yes
configure:2301: checking for a thread-safe mkdir -p
configure:2340: result: /bin/mkdir -p
configure:2353: checking for gawk
configure:2369: found /usr/bin/gawk
configure:2380: result: gawk
configure:2391: checking whether make sets $(MAKE)
configure:2413: result: yes
configure:2597: checking whether to enable maintainer-specific portions of Makefiles
configure:2606: result: no
configure:2632: checking whether ln -s works
configure:2636: result: yes
configure:2692: checking for pkg-config
configure:2710: found /usr/bin/pkg-config
configure:2722: result: /usr/bin/pkg-config
configure:2747: checking pkg-config is at least version 0.9.0
configure:2750: result: yes
configure:2763: $PKG_CONFIG --exists --print-errors "gnome-doc-utils >= $gdu_cv_version_required"
configure:2766: $? = 0
configure:2859: checking for a BSD-compatible install
configure:2927: result: /usr/bin/install -c
configure:2986: checking for gcc
configure:3013: result: cc
configure:3245: checking for C compiler version
configure:3253: cc --version >&5
cc (Ubuntu 4.3.3-5ubuntu4) 4.3.3
Copyright (C) 2008 Free Software Foundation, Inc.
This is free software; see the source for copying conditions.  There is NO
warranty; not even for MERCHANTABILITY or FITNESS FOR A PARTICULAR PURPOSE.

configure:3257: $? = 0
configure:3264: cc -v >&5
Using built-in specs.
Target: i486-linux-gnu
Configured with: ../src/configure -v --with-pkgversion='Ubuntu 4.3.3-5ubuntu4' --with-bugurl=file:///usr/share/doc/gcc-4.3/README.Bugs --enable-languages=c,c++,fortran,objc,obj-c++ --prefix=/usr --enable-shared --with-system-zlib --libexecdir=/usr/lib --without-included-gettext --enable-threads=posix --enable-nls --with-gxx-include-dir=/usr/include/c++/4.3 --program-suffix=-4.3 --enable-clocale=gnu --enable-libstdcxx-debug --enable-objc-gc --enable-mpfr --enable-targets=all --with-tune=generic --enable-checking=release --build=i486-linux-gnu --host=i486-linux-gnu --target=i486-linux-gnu
Thread model: posix
gcc version 4.3.3 (Ubuntu 4.3.3-5ubuntu4) 
configure:3268: $? = 0
configure:3275: cc -V >&5
cc: '-V' option must have argument
configure:3279: $? = 1
configure:3302: checking for C compiler default output file name
configure:3324: cc -g -O2 -g -Wall -O2  -Wl,-Bsymbolic-functions conftest.c  >&5
configure:3328: $? = 0
configure:3366: result: a.out
configure:3385: checking whether the C compiler works
configure:3395: ./a.out
configure:3399: $? = 0
configure:3418: result: yes
configure:3425: checking whether we are cross compiling
configure:3427: result: no
configure:3430: checking for suffix of executables
configure:3437: cc -o conftest -g -O2 -g -Wall -O2  -Wl,-Bsymbolic-functions conftest.c  >&5
configure:3441: $? = 0
configure:3467: result: 
configure:3473: checking for suffix of object files
configure:3499: cc -c -g -O2 -g -Wall -O2  conftest.c >&5
configure:3503: $? = 0
configure:3528: result: o
configure:3532: checking whether we are using the GNU C compiler
configure:3561: cc -c -g -O2 -g -Wall -O2  conftest.c >&5
configure:3568: $? = 0
configure:3585: result: yes
configure:3594: checking whether cc accepts -g
configure:3624: cc -c -g  conftest.c >&5
configure:3631: $? = 0
configure:3732: result: yes
configure:3749: checking for cc option to accept ISO C89
configure:3823: cc  -c -g -O2 -g -Wall -O2  conftest.c >&5
configure:3830: $? = 0
configure:3853: result: none needed
configure:3882: checking for style of include used by make
configure:3910: result: GNU
configure:3935: checking dependency style of cc
configure:4026: result: none
configure:4042: checking for library containing strerror
configure:4083: cc -o conftest -g -O2 -g -Wall -O2  -Wl,-Bsymbolic-functions conftest.c  >&5
configure:4090: $? = 0
configure:4121: result: none required
configure:4134: checking how to run the C preprocessor
configure:4174: cc -E  conftest.c
configure:4181: $? = 0
configure:4212: cc -E  conftest.c
conftest.c:10:28: error: ac_nonexistent.h: No such file or directory
configure:4219: $? = 1
configure: failed program was:
| /* confdefs.h.  */
| #define PACKAGE_NAME ""
| #define PACKAGE_TARNAME ""
| #define PACKAGE_VERSION ""
| #define PACKAGE_STRING ""
| #define PACKAGE_BUGREPORT ""
| #define PACKAGE "gfax"
| #define VERSION "0.7.7"
| /* end confdefs.h.  */
| #include <ac_nonexistent.h>
configure:4252: result: cc -E
configure:4281: cc -E  conftest.c
configure:4288: $? = 0
configure:4319: cc -E  conftest.c
conftest.c:10:28: error: ac_nonexistent.h: No such file or directory
configure:4326: $? = 1
configure: failed program was:
| /* confdefs.h.  */
| #define PACKAGE_NAME ""
| #define PACKAGE_TARNAME ""
| #define PACKAGE_VERSION ""
| #define PACKAGE_STRING ""
| #define PACKAGE_BUGREPORT ""
| #define PACKAGE "gfax"
| #define VERSION "0.7.7"
| /* end confdefs.h.  */
| #include <ac_nonexistent.h>
configure:4366: checking for grep that handles long lines and -e
configure:4426: result: /bin/grep
configure:4431: checking for egrep
configure:4495: result: /bin/grep -E
configure:4500: checking for ANSI C header files
configure:4530: cc -c -g -O2 -g -Wall -O2  conftest.c >&5
configure:4537: $? = 0
configure:4636: cc -o conftest -g -O2 -g -Wall -O2  -Wl,-Bsymbolic-functions conftest.c  >&5
configure:4640: $? = 0
configure:4646: ./conftest
configure:4650: $? = 0
configure:4668: result: yes
configure:4679: checking whether NLS is requested
configure:4688: result: yes
configure:4705: checking for intltool >= 0.25
configure:4712: result: 0.40.6 found
configure:4722: checking for intltool-update
configure:4740: found /usr/bin/intltool-update
configure:4752: result: /usr/bin/intltool-update
configure:4762: checking for intltool-merge
configure:4780: found /usr/bin/intltool-merge
configure:4792: result: /usr/bin/intltool-merge
configure:4802: checking for intltool-extract
configure:4820: found /usr/bin/intltool-extract
configure:4832: result: /usr/bin/intltool-extract
configure:4965: checking for xgettext
configure:4983: found /usr/bin/xgettext
configure:4995: result: /usr/bin/xgettext
configure:5005: checking for msgmerge
configure:5023: found /usr/bin/msgmerge
configure:5035: result: /usr/bin/msgmerge
configure:5045: checking for msgfmt
configure:5063: found /usr/bin/msgfmt
configure:5075: result: /usr/bin/msgfmt
configure:5085: checking for gmsgfmt
configure:5116: result: /usr/bin/msgfmt
configure:5140: checking for perl
configure:5158: found /usr/bin/perl
configure:5170: result: /usr/bin/perl
configure:5183: checking for perl >= 5.8.1
configure:5192: result: 5.10.0
configure:5196: checking for XML::Parser
configure:5199: result: ok
configure:5236: cc -o conftest -g -O2 -g -Wall -O2  -Wl,-Bsymbolic-functions conftest.c  >&5
configure:5243: $? = 0
configure:5396: checking build system type
configure:5414: result: i486-pc-linux-gnu
configure:5436: checking host system type
configure:5451: result: i486-pc-linux-gnu
configure:5473: checking for a sed that does not truncate output
configure:5539: result: /bin/sed
configure:5557: checking for fgrep
configure:5621: result: /bin/grep -F
configure:5656: checking for ld used by cc
configure:5723: result: /usr/bin/ld
configure:5732: checking if the linker (/usr/bin/ld) is GNU ld
configure:5747: result: yes
configure:5759: checking for BSD- or MS-compatible name lister (nm)
configure:5808: result: /usr/bin/nm -B
configure:5926: checking the name lister (/usr/bin/nm -B) interface
configure:5933: cc -c -g -O2 -g -Wall -O2  conftest.c >&5
configure:5936: /usr/bin/nm -B "conftest.o"
configure:5939: output
00000000 B some_variable
configure:5946: result: BSD nm
configure:5950: checking the maximum length of command line arguments
configure:6070: result: 805306365
configure:6087: checking whether the shell understands some XSI constructs
configure:6097: result: yes
configure:6101: checking whether the shell understands "+="
configure:6107: result: yes
configure:6142: checking for /usr/bin/ld option to reload object files
configure:6149: result: -r
configure:6218: checking for objdump
configure:6234: found /usr/bin/objdump
configure:6245: result: objdump
configure:6277: checking how to recognize dependent libraries
configure:6473: result: pass_all
configure:6533: checking for ar
configure:6549: found /usr/bin/ar
configure:6560: result: ar
configure:6638: checking for strip
configure:6654: found /usr/bin/strip
configure:6665: result: strip
configure:6737: checking for ranlib
configure:6753: found /usr/bin/ranlib
configure:6764: result: ranlib
configure:6854: checking command to parse /usr/bin/nm -B output from cc object
configure:6972: cc -c -g -O2 -g -Wall -O2  conftest.c >&5
configure:6975: $? = 0
configure:6979: /usr/bin/nm -B conftest.o \| sed -n -e 's/^.*[	 ]\([ABCDGIRSTW][ABCDGIRSTW]*\)[	 ][	 ]*\([_A-Za-z][_A-Za-z0-9]*\)$/\1 \2 \2/p' \> conftest.nm
configure:6982: $? = 0
configure:7036: cc -o conftest -g -O2 -g -Wall -O2  -Wl,-Bsymbolic-functions conftest.c conftstm.o >&5
configure:7039: $? = 0
configure:7077: result: ok
configure:7952: checking for sys/types.h
configure:7973: cc -c -g -O2 -g -Wall -O2  conftest.c >&5
configure:7980: $? = 0
configure:7997: result: yes
configure:7952: checking for sys/stat.h
configure:7973: cc -c -g -O2 -g -Wall -O2  conftest.c >&5
configure:7980: $? = 0
configure:7997: result: yes
configure:7952: checking for stdlib.h
configure:7973: cc -c -g -O2 -g -Wall -O2  conftest.c >&5
configure:7980: $? = 0
configure:7997: result: yes
configure:7952: checking for string.h
configure:7973: cc -c -g -O2 -g -Wall -O2  conftest.c >&5
configure:7980: $? = 0
configure:7997: result: yes
configure:7952: checking for memory.h
configure:7973: cc -c -g -O2 -g -Wall -O2  conftest.c >&5
configure:7980: $? = 0
configure:7997: result: yes
configure:7952: checking for strings.h
configure:7973: cc -c -g -O2 -g -Wall -O2  conftest.c >&5
configure:7980: $? = 0
configure:7997: result: yes
configure:7952: checking for inttypes.h
configure:7973: cc -c -g -O2 -g -Wall -O2  conftest.c >&5
configure:7980: $? = 0
configure:7997: result: yes
configure:7952: checking for stdint.h
configure:7973: cc -c -g -O2 -g -Wall -O2  conftest.c >&5
configure:7980: $? = 0
configure:7997: result: yes
configure:7952: checking for unistd.h
configure:7973: cc -c -g -O2 -g -Wall -O2  conftest.c >&5
configure:7980: $? = 0
configure:7997: result: yes
configure:8015: checking for dlfcn.h
configure:8036: cc -c -g -O2 -g -Wall -O2  conftest.c >&5
configure:8043: $? = 0
configure:8060: result: yes
configure:8246: checking for objdir
configure:8261: result: .libs
configure:8553: checking if cc supports -fno-rtti -fno-exceptions
configure:8571: cc -c -g -O2 -g -Wall -O2  -fno-rtti -fno-exceptions conftest.c >&5
cc1: warning: command line option "-fno-rtti" is valid for C++/ObjC++ but not for C
configure:8575: $? = 0
configure:8588: result: no
configure:8608: checking for cc option to produce PIC
configure:8880: result: -fPIC -DPIC
configure:8892: checking if cc PIC flag -fPIC -DPIC works
configure:8910: cc -c -g -O2 -g -Wall -O2  -fPIC -DPIC -DPIC conftest.c >&5
configure:8914: $? = 0
configure:8927: result: yes
configure:8951: checking if cc static flag -static works
configure:8979: result: yes
configure:8994: checking if cc supports -c -o file.o
configure:9015: cc -c -g -O2 -g -Wall -O2  -o out/conftest2.o conftest.c >&5
configure:9019: $? = 0
configure:9041: result: yes
configure:9049: checking if cc supports -c -o file.o
configure:9096: result: yes
configure:9129: checking whether the cc linker (/usr/bin/ld) supports shared libraries
configure:10204: result: yes
configure:10241: checking whether -lc should be explicitly linked in
configure:10246: cc -c -g -O2 -g -Wall -O2  conftest.c >&5
configure:10249: $? = 0
configure:10264: cc -shared conftest.o  -v -Wl,-soname -Wl,conftest -o conftest 2\>\&1 \| /bin/grep  -lc  \>/dev/null 2\>\&1
configure:10267: $? = 0
configure:10279: result: no
configure:10443: checking dynamic linker characteristics
configure:10886: cc -o conftest -g -O2 -g -Wall -O2  -Wl,-Bsymbolic-functions -Wl,-rpath -Wl,/foo conftest.c  >&5
configure:10893: $? = 0
configure:11138: result: GNU/Linux ld.so
configure:11240: checking how to hardcode library paths into programs
configure:11265: result: immediate
configure:12098: checking whether stripping libraries is possible
configure:12103: result: yes
configure:12138: checking if libtool supports shared libraries
configure:12140: result: yes
configure:12143: checking whether to build shared libraries
configure:12164: result: yes
configure:12167: checking whether to build static libraries
configure:12171: result: yes
configure:12211: checking for gconftool-2
configure:12229: found /usr/bin/gconftool-2
configure:12241: result: /usr/bin/gconftool-2
configure:12264: result: Using config source xml:merged:/etc/gconf/gconf.xml.defaults for schema installation
configure:12279: result: Using $(sysconfdir)/gconf/schemas as install directory for schema files
configure:12330: checking locale.h usability
configure:12347: cc -c -g -O2 -g -Wall -O2  conftest.c >&5
configure:12354: $? = 0
configure:12368: result: yes
configure:12372: checking locale.h presence
configure:12387: cc -E  conftest.c
configure:12394: $? = 0
configure:12408: result: yes
configure:12436: checking for locale.h
configure:12445: result: yes
configure:12461: checking for LC_MESSAGES
configure:12487: cc -o conftest -g -O2 -g -Wall -O2  -Wl,-Bsymbolic-functions conftest.c  >&5
configure:12494: $? = 0
configure:12514: result: yes
configure:12543: checking libintl.h usability
configure:12560: cc -c -g -O2 -g -Wall -O2  conftest.c >&5
configure:12567: $? = 0
configure:12581: result: yes
configure:12585: checking libintl.h presence
configure:12600: cc -E  conftest.c
configure:12607: $? = 0
configure:12621: result: yes
configure:12649: checking for libintl.h
configure:12656: result: yes
configure:12667: checking for ngettext in libc
configure:12695: cc -o conftest -g -O2 -g -Wall -O2  -Wl,-Bsymbolic-functions conftest.c  >&5
configure:12702: $? = 0
configure:12723: result: yes
configure:12727: checking for dgettext in libc
configure:12755: cc -o conftest -g -O2 -g -Wall -O2  -Wl,-Bsymbolic-functions conftest.c  >&5
configure:12762: $? = 0
configure:12783: result: yes
configure:12792: checking for bind_textdomain_codeset
configure:12848: cc -o conftest -g -O2 -g -Wall -O2  -Wl,-Bsymbolic-functions conftest.c  >&5
configure:12855: $? = 0
configure:12877: result: yes
configure:13393: checking for msgfmt
configure:13420: result: /usr/bin/msgfmt
configure:13433: checking for dcgettext
configure:13489: cc -o conftest -g -O2 -g -Wall -O2  -Wl,-Bsymbolic-functions conftest.c   >&5
conftest.c:50: warning: conflicting types for built-in function 'dcgettext'
configure:13496: $? = 0
configure:13518: result: yes
configure:13531: checking if msgfmt accepts -c
configure:13546: $MSGFMT -c -o /dev/null conftest.foo
configure:13549: $? = 0
configure:13551: result: yes
configure:13561: checking for gmsgfmt
configure:13592: result: /usr/bin/msgfmt
configure:13602: checking for xgettext
configure:13629: result: /usr/bin/xgettext
configure:13658: cc -o conftest -g -O2 -g -Wall -O2  -Wl,-Bsymbolic-functions conftest.c   >&5
configure:13665: $? = 0
configure:13841: checking for catalogs to be installed
configure:13866: result:  en_CA de nl it lv
configure:13904: checking for pkg-config
configure:13935: result: /usr/bin/pkg-config
configure:13954: checking for gmcs2
configure:13972: found /usr/bin/gmcs2
configure:13984: result: /usr/bin/gmcs2
configure:14014: checking for DBUS
configure:14022: $PKG_CONFIG --exists --print-errors "dbus-sharp"
Package dbus-sharp was not found in the pkg-config search path.
Perhaps you should add the directory containing `dbus-sharp.pc'
to the PKG_CONFIG_PATH environment variable
No package 'dbus-sharp' found
configure:14025: $? = 1
configure:14040: $PKG_CONFIG --exists --print-errors "dbus-sharp"
Package dbus-sharp was not found in the pkg-config search path.
Perhaps you should add the directory containing `dbus-sharp.pc'
to the PKG_CONFIG_PATH environment variable
No package 'dbus-sharp' found
configure:14043: $? = 1
No package 'dbus-sharp' found
configure:14071: result: no
configure:14108: checking for GFAX
configure:14117: $PKG_CONFIG --exists --print-errors "glib-sharp-2.0 gtk-sharp-2.0 gnome-sharp-2.0 gconf-sharp-2.0 gconf-sharp-peditors-2.0
	glade-sharp-2.0 evolution-sharp"
configure:14121: $? = 0
configure:14138: $PKG_CONFIG --exists --print-errors "glib-sharp-2.0 gtk-sharp-2.0 gnome-sharp-2.0 gconf-sharp-2.0 gconf-sharp-peditors-2.0
	glade-sharp-2.0 evolution-sharp"
configure:14142: $? = 0
configure:14225: result: yes
configure:14395: creating ./config.status

## ---------------------- ##
## Running config.status. ##
## ---------------------- ##

This file was extended by config.status, which was
generated by GNU Autoconf 2.63.  Invocation command line was

  CONFIG_FILES    = 
  CONFIG_HEADERS  = 
  CONFIG_LINKS    = 
  CONFIG_COMMANDS = 
  $ ./config.status 

on falcon

config.status:1090: creating Makefile
config.status:1090: creating data/Makefile
config.status:1090: creating src/Makefile
config.status:1090: creating po/Makefile.in
config.status:1090: creating data/icons/Makefile
config.status:1090: creating data/icons/16x16/Makefile
config.status:1090: creating data/icons/48x48/Makefile
config.status:1090: creating data/icons/scalable/Makefile
config.status:1090: creating config.h
config.status:1364: executing depfiles commands
config.status:1364: executing libtool commands
config.status:1364: executing default-1 commands
config.status:1364: executing po/stamp-it commands

## ---------------- ##
## Cache variables. ##
## ---------------- ##

ac_cv_build=i486-pc-linux-gnu
ac_cv_c_compiler_gnu=yes
ac_cv_env_CC_set=set
ac_cv_env_CC_value=cc
ac_cv_env_CFLAGS_set=set
ac_cv_env_CFLAGS_value='-g -O2 -g -Wall -O2'
ac_cv_env_CPPFLAGS_set=set
ac_cv_env_CPPFLAGS_value=
ac_cv_env_CPP_set=
ac_cv_env_CPP_value=
ac_cv_env_DBUS_CFLAGS_set=
ac_cv_env_DBUS_CFLAGS_value=
ac_cv_env_DBUS_LIBS_set=
ac_cv_env_DBUS_LIBS_value=
ac_cv_env_GFAX_CFLAGS_set=
ac_cv_env_GFAX_CFLAGS_value=
ac_cv_env_GFAX_LIBS_set=
ac_cv_env_GFAX_LIBS_value=
ac_cv_env_LDFLAGS_set=set
ac_cv_env_LDFLAGS_value=-Wl,-Bsymbolic-functions
ac_cv_env_LIBS_set=
ac_cv_env_LIBS_value=
ac_cv_env_PKG_CONFIG_set=
ac_cv_env_PKG_CONFIG_value=
ac_cv_env_build_alias_set=set
ac_cv_env_build_alias_value=i486-linux-gnu
ac_cv_env_host_alias_set=
ac_cv_env_host_alias_value=
ac_cv_env_target_alias_set=
ac_cv_env_target_alias_value=
ac_cv_func_bind_textdomain_codeset=yes
ac_cv_func_dcgettext=yes
ac_cv_header_dlfcn_h=yes
ac_cv_header_inttypes_h=yes
ac_cv_header_libintl_h=yes
ac_cv_header_locale_h=yes
ac_cv_header_memory_h=yes
ac_cv_header_stdc=yes
ac_cv_header_stdint_h=yes
ac_cv_header_stdlib_h=yes
ac_cv_header_string_h=yes
ac_cv_header_strings_h=yes
ac_cv_header_sys_stat_h=yes
ac_cv_header_sys_types_h=yes
ac_cv_header_unistd_h=yes
ac_cv_host=i486-pc-linux-gnu
ac_cv_objext=o
ac_cv_path_EGREP='/bin/grep -E'
ac_cv_path_FGREP='/bin/grep -F'
ac_cv_path_GCONFTOOL=/usr/bin/gconftool-2
ac_cv_path_GMSGFMT=/usr/bin/msgfmt
ac_cv_path_GREP=/bin/grep
ac_cv_path_INTLTOOL_EXTRACT=/usr/bin/intltool-extract
ac_cv_path_INTLTOOL_MERGE=/usr/bin/intltool-merge
ac_cv_path_INTLTOOL_PERL=/usr/bin/perl
ac_cv_path_INTLTOOL_UPDATE=/usr/bin/intltool-update
ac_cv_path_MCS=/usr/bin/gmcs2
ac_cv_path_MSGFMT=/usr/bin/msgfmt
ac_cv_path_MSGMERGE=/usr/bin/msgmerge
ac_cv_path_PKG_CONFIG=/usr/bin/pkg-config
ac_cv_path_SED=/bin/sed
ac_cv_path_XGETTEXT=/usr/bin/xgettext
ac_cv_path_ac_pt_PKG_CONFIG=/usr/bin/pkg-config
ac_cv_path_install='/usr/bin/install -c'
ac_cv_path_mkdir=/bin/mkdir
ac_cv_prog_AWK=gawk
ac_cv_prog_CPP='cc -E'
ac_cv_prog_ac_ct_AR=ar
ac_cv_prog_ac_ct_CC=cc
ac_cv_prog_ac_ct_OBJDUMP=objdump
ac_cv_prog_ac_ct_RANLIB=ranlib
ac_cv_prog_ac_ct_STRIP=strip
ac_cv_prog_cc_c89=
ac_cv_prog_cc_g=yes
ac_cv_prog_make_make_set=yes
ac_cv_search_strerror='none required'
am_cv_CC_dependencies_compiler_type=none
am_cv_val_LC_MESSAGES=yes
gdu_cv_have_gdu=yes
gdu_cv_version_required=0.3.2
gt_cv_func_dgettext_libc=yes
gt_cv_func_dgettext_libintl=no
gt_cv_func_ngettext_libc=yes
gt_cv_have_gettext=yes
lt_cv_deplibs_check_method=pass_all
lt_cv_file_magic_cmd='$MAGIC_CMD'
lt_cv_file_magic_test_file=
lt_cv_ld_reload_flag=-r
lt_cv_nm_interface='BSD nm'
lt_cv_objdir=.libs
lt_cv_path_LD=/usr/bin/ld
lt_cv_path_NM='/usr/bin/nm -B'
lt_cv_prog_compiler_c_o=yes
lt_cv_prog_compiler_pic_works=yes
lt_cv_prog_compiler_rtti_exceptions=no
lt_cv_prog_compiler_static_works=yes
lt_cv_prog_gnu_ld=yes
lt_cv_sys_global_symbol_pipe='sed -n -e '\''s/^.*[	 ]\([ABCDGIRSTW][ABCDGIRSTW]*\)[	 ][	 ]*\([_A-Za-z][_A-Za-z0-9]*\)$/\1 \2 \2/p'\'''
lt_cv_sys_global_symbol_to_c_name_address='sed -n -e '\''s/^: \([^ ]*\) $/  {\"\1\", (void *) 0},/p'\'' -e '\''s/^[ABCDGIRSTW]* \([^ ]*\) \([^ ]*\)$/  {"\2", (void *) \&\2},/p'\'''
lt_cv_sys_global_symbol_to_c_name_address_lib_prefix='sed -n -e '\''s/^: \([^ ]*\) $/  {\"\1\", (void *) 0},/p'\'' -e '\''s/^[ABCDGIRSTW]* \([^ ]*\) \(lib[^ ]*\)$/  {"\2", (void *) \&\2},/p'\'' -e '\''s/^[ABCDGIRSTW]* \([^ ]*\) \([^ ]*\)$/  {"lib\2", (void *) \&\2},/p'\'''
lt_cv_sys_global_symbol_to_cdecl='sed -n -e '\''s/^T .* \(.*\)$/extern int \1();/p'\'' -e '\''s/^[ABCDGIRSTW]* .* \(.*\)$/extern char \1;/p'\'''
lt_cv_sys_max_cmd_len=805306365
pkg_cv_GFAX_CFLAGS='-I:/usr/lib/pkgconfig/../../share/gapi-2.0/glib-api.xml -I:/usr/lib/pkgconfig/../../share/gapi-2.0/pango-api.xml -I:/usr/lib/pkgconfig/../../share/gapi-2.0/atk-api.xml -I:/usr/lib/pkgconfig/../../share/gapi-2.0/gdk-api.xml -I:/usr/lib/pkgconfig/../../share/gapi-2.0/gtk-api.xml -I:/usr/lib/pkgconfig/../../share/gapi-2.0/gnome-api.xml -I:/usr/lib/pkgconfig/../../share/gapi-2.0/art-api.xml -I:/usr/lib/pkgconfig/../../share/gapi-2.0/gnome-vfs-api.xml -I:/usr/lib/pkgconfig/../../share/gapi-2.0/glade-api.xml  '
pkg_cv_GFAX_LIBS='-r:/usr/lib/pkgconfig/../../lib/mono/gtk-sharp-2.0/glib-sharp.dll -r:/usr/lib/pkgconfig/../../lib/mono/gtk-sharp-2.0/pango-sharp.dll -r:/usr/lib/pkgconfig/../../lib/mono/gtk-sharp-2.0/atk-sharp.dll -r:/usr/lib/pkgconfig/../../lib/mono/gtk-sharp-2.0/gdk-sharp.dll -r:/usr/lib/pkgconfig/../../lib/mono/gtk-sharp-2.0/gtk-sharp.dll -r:/usr/lib/pkgconfig/../../lib/mono/gtk-sharp-2.0/gnome-sharp.dll -r:/usr/lib/pkgconfig/../../lib/mono/gtk-sharp-2.0/art-sharp.dll -r:/usr/lib/pkgconfig/../../lib/mono/gtk-sharp-2.0/gnome-vfs-sharp.dll -r:/usr/lib/pkgconfig/../../lib/mono/gtk-sharp-2.0/gconf-sharp.dll -r:/usr/lib/pkgconfig/../../lib/mono/gtk-sharp-2.0/gconf-sharp-peditors.dll -r:/usr/lib/pkgconfig/../../lib/mono/gtk-sharp-2.0/glade-sharp.dll -r:/usr/lib/cli/evolution-sharp-5.0/evolution-sharp.dll  '

## ----------------- ##
## Output variables. ##
## ----------------- ##

ACLOCAL='${SHELL} /home/george/Projects/gfax-0.7.7/missing --run aclocal-1.10'
ACLOCAL_AMFLAGS='${ACLOCAL_FLAGS}'
ALL_LINGUAS='en_CA de nl it lv'
AMDEPBACKSLASH=''
AMDEP_FALSE=''
AMDEP_TRUE='#'
AMTAR='${SHELL} /home/george/Projects/gfax-0.7.7/missing --run tar'
AR='ar'
AUTOCONF='${SHELL} /home/george/Projects/gfax-0.7.7/missing --run autoconf'
AUTOHEADER='${SHELL} /home/george/Projects/gfax-0.7.7/missing --run autoheader'
AUTOMAKE='${SHELL} /home/george/Projects/gfax-0.7.7/missing --run automake-1.10'
AWK='gawk'
CATALOGS=' en_CA.gmo de.gmo nl.gmo it.gmo lv.gmo'
CATOBJEXT='.gmo'
CC='cc'
CCDEPMODE='depmode=none'
CFLAGS='-g -O2 -g -Wall -O2'
CPP='cc -E'
CPPFLAGS=''
CYGPATH_W='echo'
DATADIRNAME='share'
DBUS_CFLAGS=''
DBUS_LIBS=''
DEFS='-DHAVE_CONFIG_H'
DEPDIR='.deps'
DISTCHECK_CONFIGURE_FLAGS='--disable-scrollkeeper '
DOC_USER_FORMATS=''
DSYMUTIL=''
DUMPBIN=''
ECHO_C=''
ECHO_N='-n'
ECHO_T=''
EGREP='/bin/grep -E'
ENABLE_DBUS_FALSE=''
ENABLE_DBUS_TRUE='#'
ENABLE_SK_FALSE='#'
ENABLE_SK_TRUE=''
EXEEXT=''
FGREP='/bin/grep -F'
GCONFTOOL='/usr/bin/gconftool-2'
GCONF_SCHEMAS_INSTALL_FALSE='#'
GCONF_SCHEMAS_INSTALL_TRUE=''
GCONF_SCHEMA_CONFIG_SOURCE='xml:merged:/etc/gconf/gconf.xml.defaults'
GCONF_SCHEMA_FILE_DIR='$(sysconfdir)/gconf/schemas'
GETTEXT_PACKAGE='gfax'
GFAX_CFLAGS='-I:/usr/lib/pkgconfig/../../share/gapi-2.0/glib-api.xml -I:/usr/lib/pkgconfig/../../share/gapi-2.0/pango-api.xml -I:/usr/lib/pkgconfig/../../share/gapi-2.0/atk-api.xml -I:/usr/lib/pkgconfig/../../share/gapi-2.0/gdk-api.xml -I:/usr/lib/pkgconfig/../../share/gapi-2.0/gtk-api.xml -I:/usr/lib/pkgconfig/../../share/gapi-2.0/gnome-api.xml -I:/usr/lib/pkgconfig/../../share/gapi-2.0/art-api.xml -I:/usr/lib/pkgconfig/../../share/gapi-2.0/gnome-vfs-api.xml -I:/usr/lib/pkgconfig/../../share/gapi-2.0/glade-api.xml  '
GFAX_LIBS='-r:/usr/lib/pkgconfig/../../lib/mono/gtk-sharp-2.0/glib-sharp.dll -r:/usr/lib/pkgconfig/../../lib/mono/gtk-sharp-2.0/pango-sharp.dll -r:/usr/lib/pkgconfig/../../lib/mono/gtk-sharp-2.0/atk-sharp.dll -r:/usr/lib/pkgconfig/../../lib/mono/gtk-sharp-2.0/gdk-sharp.dll -r:/usr/lib/pkgconfig/../../lib/mono/gtk-sharp-2.0/gtk-sharp.dll -r:/usr/lib/pkgconfig/../../lib/mono/gtk-sharp-2.0/gnome-sharp.dll -r:/usr/lib/pkgconfig/../../lib/mono/gtk-sharp-2.0/art-sharp.dll -r:/usr/lib/pkgconfig/../../lib/mono/gtk-sharp-2.0/gnome-vfs-sharp.dll -r:/usr/lib/pkgconfig/../../lib/mono/gtk-sharp-2.0/gconf-sharp.dll -r:/usr/lib/pkgconfig/../../lib/mono/gtk-sharp-2.0/gconf-sharp-peditors.dll -r:/usr/lib/pkgconfig/../../lib/mono/gtk-sharp-2.0/glade-sharp.dll -r:/usr/lib/cli/evolution-sharp-5.0/evolution-sharp.dll  '
GMOFILES=' en_CA.gmo de.gmo nl.gmo it.gmo lv.gmo'
GMSGFMT='/usr/bin/msgfmt'
GREP='/bin/grep'
HAVE_GNOME_DOC_UTILS_FALSE='#'
HAVE_GNOME_DOC_UTILS_TRUE=''
HELP_DIR='${datadir}/gnome/help'
INSTALL_DATA='${INSTALL} -m 644'
INSTALL_PROGRAM='${INSTALL}'
INSTALL_SCRIPT='${INSTALL}'
INSTALL_STRIP_PROGRAM='$(install_sh) -c -s'
INSTOBJEXT='.mo'
INTLLIBS=''
INTLTOOL_CAVES_RULE='%.caves:     %.caves.in     $(INTLTOOL_MERGE) $(wildcard $(top_srcdir)/po/*.po) ; LC_ALL=C $(INTLTOOL_MERGE) -d -u -c $(top_builddir)/po/.intltool-merge-cache $(top_srcdir)/po $< $@'
INTLTOOL_DESKTOP_RULE='%.desktop:   %.desktop.in   $(INTLTOOL_MERGE) $(wildcard $(top_srcdir)/po/*.po) ; LC_ALL=C $(INTLTOOL_MERGE) -d -u -c $(top_builddir)/po/.intltool-merge-cache $(top_srcdir)/po $< $@'
INTLTOOL_DIRECTORY_RULE='%.directory: %.directory.in $(INTLTOOL_MERGE) $(wildcard $(top_srcdir)/po/*.po) ; LC_ALL=C $(INTLTOOL_MERGE) -d -u -c $(top_builddir)/po/.intltool-merge-cache $(top_srcdir)/po $< $@'
INTLTOOL_EXTRACT='/usr/bin/intltool-extract'
INTLTOOL_KBD_RULE='%.kbd:       %.kbd.in       $(INTLTOOL_MERGE) $(wildcard $(top_srcdir)/po/*.po) ; LC_ALL=C $(INTLTOOL_MERGE) -x -u -m -c $(top_builddir)/po/.intltool-merge-cache $(top_srcdir)/po $< $@'
INTLTOOL_KEYS_RULE='%.keys:      %.keys.in      $(INTLTOOL_MERGE) $(wildcard $(top_srcdir)/po/*.po) ; LC_ALL=C $(INTLTOOL_MERGE) -k -u -c $(top_builddir)/po/.intltool-merge-cache $(top_srcdir)/po $< $@'
INTLTOOL_MERGE='/usr/bin/intltool-merge'
INTLTOOL_OAF_RULE='%.oaf:       %.oaf.in       $(INTLTOOL_MERGE) $(wildcard $(top_srcdir)/po/*.po) ; LC_ALL=C $(INTLTOOL_MERGE) -o -p $(top_srcdir)/po $< $@'
INTLTOOL_PERL='/usr/bin/perl'
INTLTOOL_POLICY_RULE='%.policy:    %.policy.in    $(INTLTOOL_MERGE) $(wildcard $(top_srcdir)/po/*.po) ; LC_ALL=C $(INTLTOOL_MERGE) -x -u -c $(top_builddir)/po/.intltool-merge-cache $(top_srcdir)/po $< $@'
INTLTOOL_PONG_RULE='%.pong:      %.pong.in      $(INTLTOOL_MERGE) $(wildcard $(top_srcdir)/po/*.po) ; LC_ALL=C $(INTLTOOL_MERGE) -x -u -c $(top_builddir)/po/.intltool-merge-cache $(top_srcdir)/po $< $@'
INTLTOOL_PROP_RULE='%.prop:      %.prop.in      $(INTLTOOL_MERGE) $(wildcard $(top_srcdir)/po/*.po) ; LC_ALL=C $(INTLTOOL_MERGE) -d -u -c $(top_builddir)/po/.intltool-merge-cache $(top_srcdir)/po $< $@'
INTLTOOL_SCHEMAS_RULE='%.schemas:   %.schemas.in   $(INTLTOOL_MERGE) $(wildcard $(top_srcdir)/po/*.po) ; LC_ALL=C $(INTLTOOL_MERGE) -s -u -c $(top_builddir)/po/.intltool-merge-cache $(top_srcdir)/po $< $@'
INTLTOOL_SERVER_RULE='%.server:    %.server.in    $(INTLTOOL_MERGE) $(wildcard $(top_srcdir)/po/*.po) ; LC_ALL=C $(INTLTOOL_MERGE) -o -u -c $(top_builddir)/po/.intltool-merge-cache $(top_srcdir)/po $< $@'
INTLTOOL_SERVICE_RULE='%.service: %.service.in   $(INTLTOOL_MERGE) $(wildcard $(top_srcdir)/po/*.po) ; LC_ALL=C $(INTLTOOL_MERGE) -d -u -c $(top_builddir)/po/.intltool-merge-cache $(top_srcdir)/po $< $@'
INTLTOOL_SHEET_RULE='%.sheet:     %.sheet.in     $(INTLTOOL_MERGE) $(wildcard $(top_srcdir)/po/*.po) ; LC_ALL=C $(INTLTOOL_MERGE) -x -u -c $(top_builddir)/po/.intltool-merge-cache $(top_srcdir)/po $< $@'
INTLTOOL_SOUNDLIST_RULE='%.soundlist: %.soundlist.in $(INTLTOOL_MERGE) $(wildcard $(top_srcdir)/po/*.po) ; LC_ALL=C $(INTLTOOL_MERGE) -d -u -c $(top_builddir)/po/.intltool-merge-cache $(top_srcdir)/po $< $@'
INTLTOOL_THEME_RULE='%.theme:     %.theme.in     $(INTLTOOL_MERGE) $(wildcard $(top_srcdir)/po/*.po) ; LC_ALL=C $(INTLTOOL_MERGE) -d -u -c $(top_builddir)/po/.intltool-merge-cache $(top_srcdir)/po $< $@'
INTLTOOL_UI_RULE='%.ui:        %.ui.in        $(INTLTOOL_MERGE) $(wildcard $(top_srcdir)/po/*.po) ; LC_ALL=C $(INTLTOOL_MERGE) -x -u -c $(top_builddir)/po/.intltool-merge-cache $(top_srcdir)/po $< $@'
INTLTOOL_UPDATE='/usr/bin/intltool-update'
INTLTOOL_XAM_RULE='%.xam:       %.xml.in       $(INTLTOOL_MERGE) $(wildcard $(top_srcdir)/po/*.po) ; LC_ALL=C $(INTLTOOL_MERGE) -x -u -c $(top_builddir)/po/.intltool-merge-cache $(top_srcdir)/po $< $@'
INTLTOOL_XML_NOMERGE_RULE='%.xml:       %.xml.in       $(INTLTOOL_MERGE) ; LC_ALL=C $(INTLTOOL_MERGE) -x -u /tmp $< $@'
INTLTOOL_XML_RULE='%.xml:       %.xml.in       $(INTLTOOL_MERGE) $(wildcard $(top_srcdir)/po/*.po) ; LC_ALL=C $(INTLTOOL_MERGE) -x -u -c $(top_builddir)/po/.intltool-merge-cache $(top_srcdir)/po $< $@'
LD='/usr/bin/ld'
LDFLAGS='-Wl,-Bsymbolic-functions'
LIBOBJS=''
LIBS=''
LIBTOOL='$(SHELL) $(top_builddir)/libtool'
LIPO=''
LN_S='ln -s'
LTLIBOBJS=''
MAINT='#'
MAINTAINER_MODE_FALSE=''
MAINTAINER_MODE_TRUE='#'
MAKEINFO='${SHELL} /home/george/Projects/gfax-0.7.7/missing --run makeinfo'
MCS='/usr/bin/gmcs2'
MKDIR_P='/bin/mkdir -p'
MKINSTALLDIRS='./mkinstalldirs'
MSGFMT='/usr/bin/msgfmt'
MSGFMT_OPTS='-c'
MSGMERGE='/usr/bin/msgmerge'
NM='/usr/bin/nm -B'
NMEDIT=''
OBJDUMP='objdump'
OBJEXT='o'
OMF_DIR='${datadir}/omf'
OTOOL64=''
OTOOL=''
PACKAGE='gfax'
PACKAGE_BUGREPORT=''
PACKAGE_NAME=''
PACKAGE_STRING=''
PACKAGE_TARNAME=''
PACKAGE_VERSION=''
PATH_SEPARATOR=':'
PKG_CONFIG='/usr/bin/pkg-config'
POFILES=' en_CA.po de.po nl.po it.po lv.po'
POSUB='po'
PO_IN_DATADIR_FALSE=''
PO_IN_DATADIR_TRUE=''
RANLIB='ranlib'
SED='/bin/sed'
SET_MAKE=''
SHELL='/bin/bash'
STRIP='strip'
USE_NLS='yes'
VERSION='0.7.7'
XGETTEXT='/usr/bin/xgettext'
ac_ct_CC='cc'
ac_ct_DUMPBIN=''
am__fastdepCC_FALSE=''
am__fastdepCC_TRUE='#'
am__include='include'
am__isrc=''
am__leading_dot='.'
am__quote=''
am__tar='${AMTAR} chof - "$$tardir"'
am__untar='${AMTAR} xf -'
bindir='${exec_prefix}/bin'
build='i486-pc-linux-gnu'
build_alias='i486-linux-gnu'
build_cpu='i486'
build_os='linux-gnu'
build_vendor='pc'
datadir='${datarootdir}'
datarootdir='${prefix}/share'
docdir='${datarootdir}/doc/${PACKAGE}'
dvidir='${docdir}'
exec_prefix='${prefix}'
host='i486-pc-linux-gnu'
host_alias=''
host_cpu='i486'
host_os='linux-gnu'
host_vendor='pc'
htmldir='${docdir}'
includedir='${prefix}/include'
infodir='${prefix}/share/info'
install_sh='$(SHELL) /home/george/Projects/gfax-0.7.7/install-sh'
libdir='${exec_prefix}/lib'
libexecdir='${prefix}/lib/gfax'
localedir='${datarootdir}/locale'
localstatedir='/var'
lt_ECHO='echo'
mandir='${prefix}/share/man'
mkdir_p='/bin/mkdir -p'
oldincludedir='/usr/include'
pdfdir='${docdir}'
prefix='/usr'
program_transform_name='s,x,x,'
psdir='${docdir}'
sbindir='${exec_prefix}/sbin'
sharedstatedir='${prefix}/com'
sysconfdir='/etc'
target_alias=''

## ----------- ##
## confdefs.h. ##
## ----------- ##

#define PACKAGE_NAME ""
#define PACKAGE_TARNAME ""
#define PACKAGE_VERSION ""
#define PACKAGE_STRING ""
#define PACKAGE_BUGREPORT ""
#define PACKAGE "gfax"
#define VERSION "0.7.7"
#define STDC_HEADERS 1
#define HAVE_SYS_TYPES_H 1
#define HAVE_SYS_STAT_H 1
#define HAVE_STDLIB_H 1
#define HAVE_STRING_H 1
#define HAVE_MEMORY_H 1
#define HAVE_STRINGS_H 1
#define HAVE_INTTYPES_H 1
#define HAVE_STDINT_H 1
#define HAVE_UNISTD_H 1
#define HAVE_DLFCN_H 1
#define LT_OBJDIR ".libs/"
#define GETTEXT_PACKAGE "gfax"
#define HAVE_LOCALE_H 1
#define HAVE_LC_MESSAGES 1
#define HAVE_BIND_TEXTDOMAIN_CODESET 1
#define HAVE_GETTEXT 1
#define HAVE_DCGETTEXT 1
#define ENABLE_NLS 1

configure: exit 0
